[    0.000000] Initializing cgroup subsys cpuset
[    0.000000] Initializing cgroup subsys cpu
[    0.000000] Initializing cgroup subsys cpuacct
[    0.000000] Linux version 4.4.0-210-generic (buildd@lgw01-amd64-009) (gcc version 5.4.0 20160609 (Ubuntu 5.4.0-6ubuntu1~16.04.12) ) #242-Ubuntu SMP Fri Apr 16 09:57:56 UTC 2021 (Ubuntu 4.4.0-210.242-generic 4.4.262)
[    0.000000] Command line: BOOT_IMAGE=/boot/vmlinuz-4.4.0-210-generic root=LABEL=cloudimg-rootfs ro console=tty1 console=ttyS0
[    0.000000] KERNEL supported cpus:
[    0.000000]   Intel GenuineIntel
[    0.000000]   AMD AuthenticAMD
[    0.000000]   Centaur CentaurHauls
[    0.000000] [Firmware Bug]: TSC doesn't count with P0 frequency!
[    0.000000] x86/fpu: Legacy x87 FPU detected.
[    0.000000] e820: BIOS-provided physical RAM map:
[    0.000000] BIOS-e820: [mem 0x0000000000000000-0x000000000009fbff] usable
[    0.000000] BIOS-e820: [mem 0x000000000009fc00-0x000000000009ffff] reserved
[    0.000000] BIOS-e820: [mem 0x00000000000f0000-0x00000000000fffff] reserved
[    0.000000] BIOS-e820: [mem 0x0000000000100000-0x000000003ffeffff] usable
[    0.000000] BIOS-e820: [mem 0x000000003fff0000-0x000000003fffffff] ACPI data
[    0.000000] BIOS-e820: [mem 0x00000000fec00000-0x00000000fec00fff] reserved
[    0.000000] BIOS-e820: [mem 0x00000000fee00000-0x00000000fee00fff] reserved
[    0.000000] BIOS-e820: [mem 0x00000000fffc0000-0x00000000ffffffff] reserved
[    0.000000] NX (Execute Disable) protection: active
[    0.000000] SMBIOS 2.5 present.
[    0.000000] Hypervisor detected: KVM
[    0.000000] Kernel/User page tables isolation: disabled
[    0.000000] e820: last_pfn = 0x3fff0 max_arch_pfn = 0x400000000
[    0.000000] MTRR: Disabled
[    0.000000] x86/PAT: MTRRs disabled, skipping PAT initialization too.
[    0.000000] CPU MTRRs all blank - virtualized system.
[    0.000000] x86/PAT: Configuration [0-7]: WB  WT  UC- UC  WB  WT  UC- UC  
[    0.000000] found SMP MP-table at [mem 0x0009fff0-0x0009ffff] mapped at [ffff88000009fff0]
[    0.000000] Scanning 1 areas for low memory corruption
[    0.000000] RAMDISK: [mem 0x362dc000-0x37165fff]
[    0.000000] ACPI: Early table checksum verification disabled
[    0.000000] ACPI: RSDP 0x00000000000E0000 000024 (v02 VBOX  )
[    0.000000] ACPI: XSDT 0x000000003FFF0030 00003C (v01 VBOX   VBOXXSDT 00000001 ASL  00000061)
[    0.000000] ACPI: FACP 0x000000003FFF00F0 0000F4 (v04 VBOX   VBOXFACP 00000001 ASL  00000061)
[    0.000000] ACPI: DSDT 0x000000003FFF0470 002325 (v02 VBOX   VBOXBIOS 00000002 INTL 20190509)
[    0.000000] ACPI: FACS 0x000000003FFF0200 000040
[    0.000000] ACPI: FACS 0x000000003FFF0200 000040
[    0.000000] ACPI: APIC 0x000000003FFF0240 00005C (v02 VBOX   VBOXAPIC 00000001 ASL  00000061)
[    0.000000] ACPI: SSDT 0x000000003FFF02A0 0001CC (v01 VBOX   VBOXCPUT 00000002 INTL 20190509)
[    0.000000] No NUMA configuration found
[    0.000000] Faking a node at [mem 0x0000000000000000-0x000000003ffeffff]
[    0.000000] NODE_DATA(0) allocated [mem 0x3ffeb000-0x3ffeffff]
[    0.000000] kvm-clock: Using msrs 4b564d01 and 4b564d00
[    0.000000] kvm-clock: cpu 0, msr 0:3ffe3001, primary cpu clock
[    0.000000] kvm-clock: using sched offset of 4530963615 cycles
[    0.000000] clocksource: kvm-clock: mask: 0xffffffffffffffff max_cycles: 0x1cd42e4dffb, max_idle_ns: 881590591483 ns
[    0.000000] Zone ranges:
[    0.000000]   DMA      [mem 0x0000000000001000-0x0000000000ffffff]
[    0.000000]   DMA32    [mem 0x0000000001000000-0x000000003ffeffff]
[    0.000000]   Normal   empty
[    0.000000]   Device   empty
[    0.000000] Movable zone start for each node
[    0.000000] Early memory node ranges
[    0.000000]   node   0: [mem 0x0000000000001000-0x000000000009efff]
[    0.000000]   node   0: [mem 0x0000000000100000-0x000000003ffeffff]
[    0.000000] Initmem setup node 0 [mem 0x0000000000001000-0x000000003ffeffff]
[    0.000000] ACPI: PM-Timer IO Port: 0x4008
[    0.000000] IOAPIC[0]: apic_id 2, version 32, address 0xfec00000, GSI 0-23
[    0.000000] ACPI: INT_SRC_OVR (bus 0 bus_irq 0 global_irq 2 dfl dfl)
[    0.000000] ACPI: INT_SRC_OVR (bus 0 bus_irq 9 global_irq 9 low level)
[    0.000000] Using ACPI (MADT) for SMP configuration information
[    0.000000] smpboot: Allowing 2 CPUs, 0 hotplug CPUs
[    0.000000] PM: Registered nosave memory: [mem 0x00000000-0x00000fff]
[    0.000000] PM: Registered nosave memory: [mem 0x0009f000-0x0009ffff]
[    0.000000] PM: Registered nosave memory: [mem 0x000a0000-0x000effff]
[    0.000000] PM: Registered nosave memory: [mem 0x000f0000-0x000fffff]
[    0.000000] e820: [mem 0x40000000-0xfebfffff] available for PCI devices
[    0.000000] Booting paravirtualized kernel on KVM
[    0.000000] clocksource: refined-jiffies: mask: 0xffffffff max_cycles: 0xffffffff, max_idle_ns: 7645519600211568 ns
[    0.000000] setup_percpu: NR_CPUS:512 nr_cpumask_bits:512 nr_cpu_ids:2 nr_node_ids:1
[    0.000000] PERCPU: Embedded 33 pages/cpu @ffff88003fc00000 s95192 r8192 d31784 u1048576
[    0.000000] Built 1 zonelists in Node order, mobility grouping on.  Total pages: 257912
[    0.000000] Policy zone: DMA32
[    0.000000] Kernel command line: BOOT_IMAGE=/boot/vmlinuz-4.4.0-210-generic root=LABEL=cloudimg-rootfs ro console=tty1 console=ttyS0
[    0.000000] PID hash table entries: 4096 (order: 3, 32768 bytes)
[    0.000000] Memory: 997792K/1048120K available (8644K kernel code, 1332K rwdata, 4044K rodata, 1492K init, 1164K bss, 50328K reserved, 0K cma-reserved)
[    0.000000] SLUB: HWalign=64, Order=0-3, MinObjects=0, CPUs=2, Nodes=1
[    0.000000] Hierarchical RCU implementation.
[    0.000000] 	Build-time adjustment of leaf fanout to 64.
[    0.000000] 	RCU restricting CPUs from NR_CPUS=512 to nr_cpu_ids=2.
[    0.000000] RCU: Adjusting geometry for rcu_fanout_leaf=64, nr_cpu_ids=2
[    0.000000] NR_IRQS:33024 nr_irqs:440 16
[    0.000000] Console: colour VGA+ 80x25
[    0.000000] console [tty1] enabled
[    0.000000] console [ttyS0] enabled
[    0.000000] tsc: Detected 3499.978 MHz processor
[    0.507905] Calibrating delay loop (skipped) preset value.. 6999.95 BogoMIPS (lpj=13999912)
[    0.514598] pid_max: default: 32768 minimum: 301
[    0.518424] ACPI: Core revision 20150930
[    0.522759] ACPI: 2 ACPI AML tables successfully acquired and loaded
[    0.528439] Security Framework initialized
[    0.531571] Yama: becoming mindful.
[    0.535861] AppArmor: AppArmor initialized
[    0.539830] Dentry cache hash table entries: 131072 (order: 8, 1048576 bytes)
[    0.544893] Inode-cache hash table entries: 65536 (order: 7, 524288 bytes)
[    0.555824] Mount-cache hash table entries: 2048 (order: 2, 16384 bytes)
[    0.561577] Mountpoint-cache hash table entries: 2048 (order: 2, 16384 bytes)
[    0.568920] Initializing cgroup subsys io
[    0.572929] Initializing cgroup subsys memory
[    0.576844] Initializing cgroup subsys devices
[    0.583685] Initializing cgroup subsys freezer
[    0.587515] Initializing cgroup subsys net_cls
[    0.591057] Initializing cgroup subsys perf_event
[    0.594762] Initializing cgroup subsys net_prio
[    0.599106] Initializing cgroup subsys hugetlb
[    0.605321] Initializing cgroup subsys pids
[    0.609094] mce: CPU supports 0 MCE banks
[    0.613763] Last level iTLB entries: 4KB 1024, 2MB 1024, 4MB 512
[    0.619780] Last level dTLB entries: 4KB 1536, 2MB 1536, 4MB 768, 1GB 0
[    0.624637] Spectre V1 : Mitigation: usercopy/swapgs barriers and __user pointer sanitization
[    0.631710] Spectre V2 : Spectre mitigation: LFENCE not serializing, switching to generic retpoline
[    0.639397] Spectre V2 : Mitigation: Full generic retpoline
[    0.643630] Spectre V2 : Spectre v2 / SpectreRSB mitigation: Filling RSB on context switch
[    0.658012] Speculative Store Bypass: Mitigation: Speculative Store Bypass disabled via prctl and seccomp
[    0.686031] Freeing SMP alternatives memory: 36K
[    0.732209] ftrace: allocating 32380 entries in 127 pages
[    1.033641] smpboot: APIC(0) Converting physical 0 to logical package 0
[    1.041870] smpboot: Max logical packages: 1
[    1.045988] x2apic enabled
[    1.049257] Switched APIC routing to physical x2apic.
[    1.057149] ..TIMER: vector=0x30 apic1=0 pin1=2 apic2=-1 pin2=-1
[    1.169293] APIC calibration not consistent with PM-Timer: 105ms instead of 100ms
[    1.175221] APIC delta adjusted to PM-Timer: 6445986 (6802398)
[    1.179262] smpboot: CPU0: AMD Ryzen 3 2200G with Radeon Vega Graphics (family: 0x17, model: 0x11, stepping: 0x0)
[    1.187521] Performance Events: Broken PMU hardware detected, using software events only.
[    1.194182] Failed to access perfctr msr (MSR c0010007 is 0)
[    1.484059] KVM setup paravirtual spinlock
[    1.489647] x86: Booting SMP configuration:
[    1.493058] .... node  #0, CPUs:      #1
[    1.496549] kvm-clock: cpu 1, msr 0:3ffe3041, secondary cpu clock
[    1.499862] mce: CPU supports 0 MCE banks
[    1.503477] x86: Booted up 1 node, 2 CPUs
[    1.507717] smpboot: Total of 2 processors activated (13999.91 BogoMIPS)
[    1.513837] devtmpfs: initialized
[    1.518752] evm: security.selinux
[    1.521487] evm: security.SMACK64
[    1.525223] evm: security.SMACK64EXEC
[    1.529877] evm: security.SMACK64TRANSMUTE
[    1.533512] evm: security.SMACK64MMAP
[    1.536754] evm: security.ima
[    1.539299] evm: security.capability
[    1.542893] clocksource: jiffies: mask: 0xffffffff max_cycles: 0xffffffff, max_idle_ns: 7645041785100000 ns
[    1.549904] futex hash table entries: 512 (order: 3, 32768 bytes)
[    1.554085] pinctrl core: initialized pinctrl subsystem
[    1.558112] RTC time: 20:48:40, date: 01/08/22
[    1.561741] NET: Registered protocol family 16
[    1.582133] cpuidle: using governor ladder
[    1.598905] cpuidle: using governor menu
[    1.602320] PCCT header not found.
[    1.606215] ACPI: bus type PCI registered
[    1.609813] acpiphp: ACPI Hot Plug PCI Controller Driver version: 0.5
[    1.614546] PCI: Using configuration type 1 for base access
[    1.619446] PCI: Using configuration type 1 for extended access
[    1.642663] ACPI: Added _OSI(Module Device)
[    1.645370] ACPI: Added _OSI(Processor Device)
[    1.649332] ACPI: Added _OSI(3.0 _SCP Extensions)
[    1.652382] ACPI: Added _OSI(Processor Aggregator Device)
[    1.656443] ACPI: Executed 1 blocks of module-level executable AML code
[    1.663926] ACPI: Interpreter enabled
[    1.667419] ACPI: (supports S0 S5)
[    1.669895] ACPI: Using IOAPIC for interrupt routing
[    1.673316] PCI: Using host bridge windows from ACPI; if necessary, use "pci=nocrs" and report a bug
[    1.684224] ACPI: PCI Root Bridge [PCI0] (domain 0000 [bus 00-ff])
[    1.688303] acpi PNP0A03:00: _OSC: OS supports [ExtendedConfig ASPM ClockPM Segments MSI]
[    1.695521] acpi PNP0A03:00: _OSC: platform does not support [PCIeCapability]
[    1.702602] acpi PNP0A03:00: _OSC: not requesting control; platform does not support [PCIeCapability]
[    1.709406] acpi PNP0A03:00: _OSC: OS requested [PCIeHotplug PME AER PCIeCapability]
[    1.716253] acpi PNP0A03:00: _OSC: platform willing to grant [PCIeHotplug PME AER]
[    1.722578] acpi PNP0A03:00: _OSC failed (AE_SUPPORT); disabling ASPM
[    1.729026] PCI host bridge to bus 0000:00
[    1.732114] pci_bus 0000:00: root bus resource [io  0x0000-0x0cf7 window]
[    1.736052] pci_bus 0000:00: root bus resource [io  0x0d00-0xffff window]
[    1.740084] pci_bus 0000:00: root bus resource [mem 0x000a0000-0x000bffff window]
[    1.783868] pci_bus 0000:00: root bus resource [mem 0x40000000-0xfdffffff window]
[    1.789382] pci_bus 0000:00: root bus resource [bus 00-ff]
[    1.798105] pci 0000:00:01.1: legacy IDE quirk: reg 0x10: [io  0x01f0-0x01f7]
[    1.802453] pci 0000:00:01.1: legacy IDE quirk: reg 0x14: [io  0x03f6]
[    1.806740] pci 0000:00:01.1: legacy IDE quirk: reg 0x18: [io  0x0170-0x0177]
[    1.811077] pci 0000:00:01.1: legacy IDE quirk: reg 0x1c: [io  0x0376]
[    1.852854] pci 0000:00:07.0: quirk: [io  0x4000-0x403f] claimed by PIIX4 ACPI
[    1.858520] pci 0000:00:07.0: quirk: [io  0x4100-0x410f] claimed by PIIX4 SMB
[    1.893282] ACPI: PCI Interrupt Link [LNKA] (IRQs 5 9 10 *11)
[    1.901135] ACPI: PCI Interrupt Link [LNKB] (IRQs 5 9 *10 11)
[    1.908215] ACPI: PCI Interrupt Link [LNKC] (IRQs 5 *9 10 11)
[    1.914366] ACPI: PCI Interrupt Link [LNKD] (IRQs 5 9 10 *11)
[    1.924331] ACPI: Enabled 2 GPEs in block 00 to 07
[    1.930865] vgaarb: setting as boot device: PCI:0000:00:02.0
[    1.934936] vgaarb: device added: PCI:0000:00:02.0,decodes=io+mem,owns=io+mem,locks=none
[    1.941978] vgaarb: loaded
[    1.944198] vgaarb: bridge control possible 0000:00:02.0
[    1.950268] SCSI subsystem initialized
[    1.954912] ACPI: bus type USB registered
[    1.958318] usbcore: registered new interface driver usbfs
[    1.962071] usbcore: registered new interface driver hub
[    1.966002] usbcore: registered new device driver usb
[    1.973219] PCI: Using ACPI for IRQ routing
[    1.977556] NetLabel: Initializing
[    1.980394] NetLabel:  domain hash size = 128
[    1.989386] NetLabel:  protocols = UNLABELED CIPSOv4
[    1.992983] NetLabel:  unlabeled traffic allowed by default
[    1.998216] amd_nb: Cannot enumerate AMD northbridges
[    2.002067] clocksource: Switched to clocksource kvm-clock
[    2.022951] AppArmor: AppArmor Filesystem Enabled
[    2.061784] pnp: PnP ACPI init
[    2.070729] pnp: PnP ACPI: found 3 devices
[    2.122667] clocksource: acpi_pm: mask: 0xffffff max_cycles: 0xffffff, max_idle_ns: 2085701024 ns
[    2.142511] NET: Registered protocol family 2
[    2.146977] TCP established hash table entries: 8192 (order: 4, 65536 bytes)
[    2.155532] TCP bind hash table entries: 8192 (order: 5, 131072 bytes)
[    2.161546] TCP: Hash tables configured (established 8192 bind 8192)
[    2.169477] UDP hash table entries: 512 (order: 2, 16384 bytes)
[    2.175355] UDP-Lite hash table entries: 512 (order: 2, 16384 bytes)
[    2.180253] NET: Registered protocol family 1
[    2.186026] pci 0000:00:00.0: Limiting direct PCI/PCI transfers
[    2.192257] pci 0000:00:01.0: Activating ISA DMA hang workarounds
[    2.199555] Unpacking initramfs...
[    2.528374] Freeing initrd memory: 14888K
[    2.533454] clocksource: tsc: mask: 0xffffffffffffffff max_cycles: 0x32733c59816, max_idle_ns: 440795239359 ns
[    2.552601] platform rtc_cmos: registered platform RTC device (no PNP device found)
[    2.562267] Scanning for low memory corruption every 60 seconds
[    2.568848] audit: initializing netlink subsys (disabled)
[    2.574336] audit: type=2000 audit(1641674926.179:1): initialized
[    2.581494] Initialise system trusted keyring
[    2.586268] HugeTLB registered 2 MB page size, pre-allocated 0 pages
[    2.592455] zbud: loaded
[    2.596651] VFS: Disk quotas dquot_6.6.0
[    2.600343] VFS: Dquot-cache hash table entries: 512 (order 0, 4096 bytes)
[    2.605985] squashfs: version 4.0 (2009/01/31) Phillip Lougher
[    2.613536] fuse init (API version 7.23)
[    2.619294] Key type big_key registered
[    2.624237] Allocating IMA MOK and blacklist keyrings.
[    2.640365] Key type asymmetric registered
[    2.646375] Asymmetric key parser 'x509' registered
[    2.651589] Block layer SCSI generic (bsg) driver version 0.4 loaded (major 249)
[    2.667465] io scheduler noop registered
[    2.671101] io scheduler deadline registered (default)
[    2.675734] io scheduler cfq registered
[    2.679821] pci_hotplug: PCI Hot Plug PCI Core version: 0.5
[    2.684623] pciehp: PCI Express Hot Plug Controller Driver version: 0.4
[    2.689824] ACPI: AC Adapter [AC] (on-line)
[    2.693871] input: Power Button as /devices/LNXSYSTM:00/LNXPWRBN:00/input/input0
[    2.700119] ACPI: Power Button [PWRF]
[    2.703529] input: Sleep Button as /devices/LNXSYSTM:00/LNXSLPBN:00/input/input1
[    2.709646] ACPI: Sleep Button [SLPF]
[    2.713831] GHES: HEST is not enabled!
[    2.717582] Serial: 8250/16550 driver, 32 ports, IRQ sharing enabled
[    2.746005] 00:02: ttyS0 at I/O 0x3f8 (irq = 4, base_baud = 115200) is a 16550A
[    2.760026] Linux agpgart interface v0.103
[    2.768649] loop: module loaded
[    2.773493] scsi host0: ata_piix
[    2.777465] scsi host1: ata_piix
[    2.780877] ata1: PATA max UDMA/33 cmd 0x1f0 ctl 0x3f6 bmdma 0xd000 irq 14
[    2.786407] ata2: PATA max UDMA/33 cmd 0x170 ctl 0x376 bmdma 0xd008 irq 15
[    2.793527] libphy: Fixed MDIO Bus: probed
[    2.797255] tun: Universal TUN/TAP device driver, 1.6
[    2.801947] tun: (C) 1999-2004 Max Krasnyansky <maxk@qualcomm.com>
[    2.807591] PPP generic driver version 2.4.2
[    2.811834] ehci_hcd: USB 2.0 'Enhanced' Host Controller (EHCI) Driver
[    2.816840] ehci-pci: EHCI PCI platform driver
[    2.821153] ehci-platform: EHCI generic platform driver
[    2.825490] ohci_hcd: USB 1.1 'Open' Host Controller (OHCI) Driver
[    2.830716] ohci-pci: OHCI PCI platform driver
[    2.834733] ohci-platform: OHCI generic platform driver
[    2.839641] uhci_hcd: USB Universal Host Controller Interface driver
[    2.844829] i8042: PNP: PS/2 Controller [PNP0303:PS2K,PNP0f03:PS2M] at 0x60,0x64 irq 1,12
[    2.855593] serio: i8042 KBD port at 0x60,0x64 irq 1
[    2.860934] serio: i8042 AUX port at 0x60,0x64 irq 12
[    2.866091] mousedev: PS/2 mouse device common for all mice
[    2.873736] rtc_cmos rtc_cmos: rtc core: registered rtc_cmos as rtc0
[    2.878803] rtc_cmos rtc_cmos: alarms up to one day, 114 bytes nvram
[    2.888629] i2c /dev entries driver
[    2.888695] input: AT Translated Set 2 keyboard as /devices/platform/i8042/serio0/input/input2
[    2.900419] device-mapper: uevent: version 1.0.3
[    2.904494] device-mapper: ioctl: 4.34.0-ioctl (2015-10-28) initialised: dm-devel@redhat.com
[    2.911463] ledtrig-cpu: registered to indicate activity on CPUs
[    2.917950] NET: Registered protocol family 10
[    2.922677] NET: Registered protocol family 17
[    2.926150] Key type dns_resolver registered
[    2.931314] registered taskstats version 1
[    2.934836] Loading compiled-in X.509 certificates
[    2.939428] Loaded X.509 cert 'Build time autogenerated kernel key: cf00e047681d67edb2720680708b7d9498083038'
[    2.958114] zswap: loaded using pool lzo/zbud
[    2.982286] Key type trusted registered
[    3.020622] Key type encrypted registered
[    3.023840] AppArmor: AppArmor sha1 policy hashing enabled
[    3.027828] ima: No TPM chip found, activating TPM-bypass!
[    3.032023] ima: Allocated hash algorithm: sha1
[    3.035499] evm: HMAC attrs: 0x1
[    3.039426]   Magic number: 6:479:851
[    3.042500]  index3: hash matches
[    3.045378]  index3: hash matches
[    3.049485] rtc_cmos rtc_cmos: setting system clock to 2022-01-08 20:48:41 UTC (1641674921)
[    3.057219] BIOS EDD facility v0.16 2004-Jun-25, 0 devices found
[    3.062140] EDD information not available.
[    3.075473] Freeing unused kernel memory: 1492K
[    3.090058] Write protecting the kernel read-only data: 14336k
[    3.119338] Freeing unused kernel memory: 1584K
[    3.123692] Freeing unused kernel memory: 52K
Loading, please wait...
starting version 229
[    3.357693] random: systemd-udevd: uninitialized urandom read (16 bytes read, 3 bits of entropy available)
[    3.370079] random: systemd-udevd: uninitialized urandom read (16 bytes read, 3 bits of entropy available)
[    3.370895] random: udevadm: uninitialized urandom read (16 bytes read, 3 bits of entropy available)
[    3.371024] random: udevadm: uninitialized urandom read (16 bytes read, 3 bits of entropy available)
[    3.408891] random: systemd-udevd: uninitialized urandom read (16 bytes read, 3 bits of entropy available)
[    3.420683] random: systemd-udevd: uninitialized urandom read (16 bytes read, 3 bits of entropy available)
[    3.428669] random: udevadm: uninitialized urandom read (16 bytes read, 3 bits of entropy available)
[    3.428905] random: udevadm: uninitialized urandom read (16 bytes read, 3 bits of entropy available)
[    3.429436] random: udevadm: uninitialized urandom read (16 bytes read, 3 bits of entropy available)
[    3.429682] random: udevadm: uninitialized urandom read (16 bytes read, 3 bits of entropy available)
[    3.614168] e1000: Intel(R) PRO/1000 Network Driver - version 7.3.21-k8-NAPI
[    3.620911] e1000: Copyright (c) 1999-2006 Intel Corporation.
[    3.632893] Fusion MPT base driver 3.04.20
[    3.637471] Copyright (c) 1999-2008 LSI Corporation
[    3.675607] Fusion MPT SPI Host driver 3.04.20
[    3.878918] input: ImExPS/2 Generic Explorer Mouse as /devices/platform/i8042/serio1/input/input4
[    4.363141] e1000 0000:00:03.0 eth0: (PCI:33MHz:32-bit) 02:be:82:6b:cc:1d
[    4.371682] e1000 0000:00:03.0 eth0: Intel(R) PRO/1000 Network Connection
[    5.032311] e1000 0000:00:08.0 eth1: (PCI:33MHz:32-bit) 08:00:27:ba:58:5e
[    5.042061] e1000 0000:00:08.0 eth1: Intel(R) PRO/1000 Network Connection
[    5.058535] mptbase: ioc0: Initiating bringup
[    5.061138] e1000 0000:00:03.0 enp0s3: renamed from eth0
[    5.083710] e1000 0000:00:08.0 enp0s8: renamed from eth1
[    5.192161] ioc0: LSI53C1030 A0: Capabilities={Initiator}
[    7.357227] scsi host2: ioc0: LSI53C1030 A0, FwRev=00000000h, Ports=1, MaxQ=256, IRQ=20
[    8.193566] scsi 2:0:0:0: Direct-Access     VBOX     HARDDISK         1.0  PQ: 0 ANSI: 5
[    8.203561] scsi target2:0:0: Beginning Domain Validation
[    8.279230] scsi target2:0:0: Domain Validation skipping write tests
[    8.286914] scsi target2:0:0: Ending Domain Validation
[    8.295061] scsi target2:0:0: asynchronous
[    8.304791] scsi 2:0:1:0: Direct-Access     VBOX     HARDDISK         1.0  PQ: 0 ANSI: 5
[    8.316117] scsi target2:0:1: Beginning Domain Validation
[    8.327838] scsi target2:0:1: Domain Validation skipping write tests
[    8.335669] scsi target2:0:1: Ending Domain Validation
[    8.343643] scsi target2:0:1: asynchronous
[    8.373851] sd 2:0:0:0: Attached scsi generic sg0 type 0
[    8.374045] sd 2:0:0:0: [sda] 83886080 512-byte logical blocks: (42.9 GB/40.0 GiB)
[    8.374883] sd 2:0:0:0: [sda] Write Protect is off
[    8.375279] sd 2:0:0:0: [sda] Incomplete mode parameter data
[    8.375281] sd 2:0:0:0: [sda] Assuming drive cache: write through
[    8.395977]  sda: sda1
[    8.398332] sd 2:0:0:0: [sda] Attached SCSI disk
[    8.424666] sd 2:0:1:0: [sdb] 20480 512-byte logical blocks: (10.5 MB/10.0 MiB)
[    8.430512] sd 2:0:1:0: Attached scsi generic sg1 type 0
[    8.444495] sd 2:0:1:0: [sdb] Write Protect is off
[    8.452597] sd 2:0:1:0: [sdb] Incomplete mode parameter data
[    8.460316] sd 2:0:1:0: [sdb] Assuming drive cache: write through
[    8.480309] sd 2:0:1:0: [sdb] Attached SCSI disk
Begin: Loading essential drivers ... [   12.498472] md: linear personality registered for level -1
[   12.534584] md: multipath personality registered for level -4
[   12.577234] md: raid0 personality registered for level 0
[   12.652739] md: raid1 personality registered for level 1
[   12.774632] raid6: sse2x1   gen()  6363 MB/s
[   12.842109] raid6: sse2x1   xor()  6626 MB/s
[   12.910650] raid6: sse2x2   gen() 14417 MB/s
[   12.978960] raid6: sse2x2   xor()  9466 MB/s
[   13.050774] raid6: sse2x4   gen() 13316 MB/s
[   13.122079] raid6: sse2x4   xor()  5938 MB/s
[   13.126319] raid6: using algorithm sse2x2 gen() 14417 MB/s
[   13.132430] raid6: .... xor() 9466 MB/s, rmw enabled
[   13.137615] raid6: using ssse3x2 recovery algorithm
[   13.148956] xor: measuring software checksum speed
[   13.194149]    prefetch64-sse: 11906.000 MB/sec
[   13.243052]    generic_sse: 10321.000 MB/sec
[   13.248756] xor: using function: prefetch64-sse (11906.000 MB/sec)
[   13.260252] async_tx: api initialized (async)
[   13.358429] md: raid6 personality registered for level 6
[   13.365800] md: raid5 personality registered for level 5
[   13.377557] md: raid4 personality registered for level 4
[   13.491004] md: raid10 personality registered for level 10
done.
Begin: Running /scripts/init-premount ... done.
Begin: Mounting root file system ... Begin: Running /scripts/local-top ... done.
Begin: Running /scripts/local-premount ... [   13.839446] Btrfs loaded
Scanning for Btrfs filesystems
done.
Warning: fsck not present, so skipping root file system
[   14.348190] EXT4-fs (sda1): mounted filesystem with ordered data mode. Opts: (null)
done.
Begin: Running /scripts/local-bottom ... done.
Begin: Running /scripts/init-bottom ... done.
[   15.519944] random: nonblocking pool is initialized
[   15.631392] systemd[1]: systemd 229 running in system mode. (+PAM +AUDIT +SELINUX +IMA +APPARMOR +SMACK +SYSVINIT +UTMP +LIBCRYPTSETUP +GCRYPT +GNUTLS +ACL +XZ -LZ4 +SECCOMP +BLKID +ELFUTILS +KMOD -IDN)
[   15.656757] systemd[1]: Detected virtualization oracle.
[   15.663499] systemd[1]: Detected architecture x86-64.

Welcome to [1mUbuntu 16.04.7 LTS[0m!

[   15.709494] systemd[1]: Set hostname to <ubuntu>.
[   15.730561] systemd[1]: Initializing machine ID from random generator.
[   15.739527] systemd[1]: Installed transient /etc/machine-id file.
[   16.897699] systemd[1]: Listening on LVM2 metadata daemon socket.
[[0;32m  OK  [0m] Listening on LVM2 metadata daemon socket.
[   16.913258] systemd[1]: Set up automount Arbitrary Executable File Formats File System Automount Point.
[[0;32m  OK  [0m] Set up automount Arbitrary Executab...ats File System Automount Point.
[   16.930018] systemd[1]: Created slice System Slice.
[[0;32m  OK  [0m] Created slice System Slice.
[   16.939578] systemd[1]: Started Forward Password Requests to Wall Directory Watch.
[[0;32m  OK  [0m] Started Forward Password Requests to Wall Directory Watch.
[   16.956422] systemd[1]: Reached target Swap.
[[0;32m  OK  [0m] Reached target Swap.
[   16.965251] systemd[1]: Listening on udev Control Socket.
[[0;32m  OK  [0m] Listening on udev Control Socket.
[   16.976691] systemd[1]: Listening on udev Kernel Socket.
[[0;32m  OK  [0m] Listening on udev Kernel Socket.
[   16.991403] systemd[1]: Listening on Journal Socket.
[[0;32m  OK  [0m] Listening on Journal Socket.
[   17.029298] systemd[1]: Starting Create list of required static device nodes for the current kernel...
         Starting Create list of required st... nodes for the current kernel...
[   17.071565] systemd[1]: Mounting POSIX Message Queue File System...
         Mounting POSIX Message Queue File System...
[   17.148340] systemd[1]: Starting Nameserver information manager...
         Starting Nameserver information manager...
[   17.195012] systemd[1]: Mounting Huge Pages File System...
         Mounting Huge Pages File System...
[   17.266847] systemd[1]: Starting Load Kernel Modules...
         Starting Load Kernel Modules...
[   17.306825] systemd[1]: Created slice system-serial\x2dgetty.slice.
[[0;32m  OK  [0m] Created slice system-serial\x2dgetty.slice.
[   17.364263] systemd[1]: Starting Set console keymap...
         Starting Set console keymap...
[   17.378962] systemd[1]: Listening on LVM2 poll daemon socket.
[[0;32m  OK  [0m] Listening on LVM2 poll daemon socket.
[   17.393845] systemd[1]: Listening on fsck to fsckd communication Socket.
[[0;32m  OK  [0m] Listening on fsck to fsckd communication Socket.
[   17.423747] systemd[1]: Listening on Journal Socket (/dev/log).
[[0;32m  OK  [0m] Listening on Journal Socket (/dev/log).
[   17.441559] systemd[1]: Listening on Syslog Socket.
[[0;32m  OK  [0m] Listening on Syslog Socket.
[   17.479172] systemd[1]: Reached target System Time Synchronized.
[[0;32m  OK  [0m] Reached target System Time Synchronized.
[   17.542168] systemd[1]: Reached target User and Group Name Lookups.
[[0;32m  OK  [0m] Reached target U[   17.550714] Loading iSCSI transport class v2.0-870.
ser and Group Name Lookups.
[   17.569973] systemd[1]: Listening on Device-mapper event daemon FIFOs.
[[0;32m  OK  [0m] Listening on Device-mapper event daemon FIFOs.
[   17.610893] systemd[1]: Starting File System Check on Root Device...
         Starting File System Check on Root Device...
[   17.659752] systemd[1]: Starting Uncomplicated firewall...
         Starting Uncomplicated firewall...
[   17.674506] systemd[1]: Mounting Debug File System...
         Mounting Debug File System...
[   17.703109] systemd[1]: Listening on /dev/initctl Compatibility Named Pipe.
[[0;32m  OK  [0m] Listening on /dev/initctl Compatibility Named Pipe.
[   17.744381] systemd[1]: Listening on Journal Audit Socket.
[[0;32m  OK  [0m] Listening on Journal Audit Socket.
[   17.765883] iscsi: registered transport (tcp)
[   17.781176] systemd[1]: Starting Journal Service...
         Starting Journal Service...
[   17.815143] systemd[1]: Starting Monitoring of LVM2 mirrors, snapshots etc. using dmeventd or progress polling...
         Starting Monitoring of LVM2 mirrors... dmeventd or progress polling...
[   17.853561] systemd[1]: Created slice User and Session Slice.
[[0;32m  OK  [0m] Created slice User and Session Slice.
[   17.875765] systemd[1]: Started Trigger resolvconf update for networkd DNS.
[[0;32m  OK  [0m] Started Trigger resolvconf update for networkd DNS.
[   17.894354] systemd[1]: Reached target Slices.
[[0;32m  OK  [0m] Reached target Slices.
[   17.906583] systemd[1]: Reached target Encrypted Volumes.
[[0;32m  OK  [0m] Reached target Encrypted Volumes.
[   17.951471] systemd[1]: Mounted Huge Pages File System.
[[0;32m  OK  [0m] Mounted Huge Pages File System.
[   17.968947] systemd[1]: Mounted POSIX Message Queue File System.
[[0;32m  OK  [0m] Mounted POSIX Message Queue File System.
[   17.981511] systemd[1]: Mounted Debug File System.
[[0;32m  OK  [0m] Mounted Debug File System.
[   18.000575] systemd[1]: Started Create list of required static device nodes for the current kernel.
[[0;32m  OK  [0m] Started Create list of required sta...ce nodes for the current kernel.
[   18.053982] systemd[1]: Started Set console keymap.
[[0;32m  OK  [0m] Started Set console keymap.
[   18.079858] systemd[1]: Started Uncomplicated firewall.
[[0;32m  OK  [0m] Started Uncomplicated firewall.
[   18.099894] systemd[1]: Started File System Check on Root Device.
[[0;32m  OK  [0m] Started File System Check on Root Device.
[   18.133055] systemd[1]: Started Nameserver information manager.
[[0;32m  OK  [0m] Started Nameserver information manager.
[   18.146001] iscsi: registered transport (iser)
[   18.152913] systemd[1]: Started Journal Service.
[[0;32m  OK  [0m] Started Journal Service.
[[0;32m  OK  [0m] Started LVM2 metadata daemon.
[[0;32m  OK  [0m] Started File System Check Daemon to report status.
         Starting Remount Root and Kernel File Systems...
         Starting Create Static Device Nodes in /dev...
[[0;32m  OK  [0m] Started Load Kernel Modules.
         Starting Apply Kernel Variables...
[   18.338410] EXT4-fs (sda1): re-mounted. Opts: (null)
         Mounting FUSE Control File System...
[[0;32m  OK  [0m] Started Remount Root and Kernel File Systems.
         Starting Load/Save Random Seed...
         Starting udev Coldplug all Devices...
         Starting Flush Journal to Persistent Storage...
[[0;32m  OK  [0m] Mounted FUSE Control File System.
[[0;32m  OK  [0m] Started Apply Kernel Variables.
[[0;32m  OK  [0m] Started Load/Save Random Seed.
[[0;32m  OK  [0m] Started Monitoring of LVM2 mirrors,...ng dmeventd or progress polling.
[[0;32m  OK  [0m] Started Create Static Device Nodes in /dev.
[[0;32m  OK  [0m] Started Flush Journal to Persistent Storage.
         Starting udev Kernel Device Manager...
[[0;32m  OK  [0m] Reached target Local File Systems (Pre).
[[0;32m  OK  [0m] Reached target Local File Systems.
         Starting Tell Plymouth To Write Out Runtime Data...
         Starting Create Volatile Files and Directories...
         Starting LSB: AppArmor initialization...
         Starting Commit a transient machine-id on disk...
         Starting Set console font and keymap...
         Starting Initial cloud-init job (pre-networking)...
[[0;32m  OK  [0m] Started udev Coldplug all Devices.
[[0;32m  OK  [0m] Started Tell Plymouth To Write Out Runtime Data.
[[0;32m  OK  [0m] Started Create Volatile Files and Directories.
         Starting Update UTMP about System Boot/Shutdown...
[[0;32m  OK  [0m] Started Commit a transient machine-id on disk.
[[0;32m  OK  [0m] Started Update UTMP about System Boot/Shutdown.
[[0;32m  OK  [0m] Started udev Kernel Device Manager.
[[0;32m  OK  [0m] Started Dispatch Password Requests to Console Directory Watch.
[[0;32m  OK  [0m] Found device /dev/ttyS0.
[[0;32m  OK  [0m] Listening on Load/Save RF Kill Switch Status /dev/rfkill Watch.
[[0;32m  OK  [0m] Started LSB: AppArmor initialization.
         Starting Load AppArmor profiles managed internally by snapd...
[[0;32m  OK  [0m] Started Load AppArmor profiles managed internally by snapd.
[   24.974565] cloud-init[473]: Cloud-init v. 21.1-19-gbad84ad4-0ubuntu1~16.04.2 running 'init-local' at Sat, 08 Jan 2022 20:49:02 +0000. Up 23.31 seconds.
[[0;32m  OK  [0m] Started Set console font and keymap.
[[0;32m  OK  [0m] Started Initial cloud-init job (pre-networking).
[[0;32m  OK  [0m] Reached target Network (Pre).
         Starting Raise network interfaces...
[[0;32m  OK  [0m] Created slice system-getty.slice.
[[0;32m  OK  [0m] Started Raise network interfaces.
[[0;32m  OK  [0m] Reached target Network.
         Starting Initial cloud-init job (metadata service crawler)...
[   35.153527] cloud-init[943]: Cloud-init v. 21.1-19-gbad84ad4-0ubuntu1~16.04.2 running 'init' at Sat, 08 Jan 2022 20:49:10 +0000. Up 30.97 seconds.
[   35.159346] cloud-init[943]: ci-info: ++++++++++++++++++++++++++++++++++++++Net device info+++++++++++++++++++++++++++++++++++++++
[   35.165541] cloud-init[943]: ci-info: +--------+-------+----------------------------+---------------+--------+-------------------+
[   35.178268] cloud-init[943]: ci-info: | Device |   Up  |          Address           |      Mask     | Scope  |     Hw-Address    |
[   35.183727] cloud-init[943]: ci-info: +--------+-------+----------------------------+---------------+--------+-------------------+
[   35.189642] cloud-init[943]: ci-info: | enp0s3 |  True |         10.0.2.15          | 255.255.255.0 | global | 02:be:82:6b:cc:1d |
[   35.195263] cloud-init[943]: ci-info: | enp0s3 |  True | fe80::be:82ff:fe6b:cc1d/64 |       .       |  link  | 02:be:82:6b:cc:1d |
[   35.201335] cloud-init[943]: ci-info: | enp0s8 | False |             .              |       .       |   .    | 08:00:27:ba:58:5e |
[   35.207873] cloud-init[943]: ci-info: |   lo   |  True |         127.0.0.1          |   255.0.0.0   |  host  |         .         |
[   35.214053] cloud-init[943]: ci-info: |   lo   |  True |          ::1/128           |       .       |  host  |         .         |
[   35.219979] cloud-init[943]: ci-info: +--------+-------+----------------------------+---------------+--------+-------------------+
[   35.225960] cloud-init[943]: ci-info: +++++++++++++++++++++++++++Route IPv4 info++++++++++++++++++++++++++++
[   35.232237] cloud-init[943]: ci-info: +-------+-------------+----------+---------------+-----------+-------+
[   35.237614] cloud-init[943]: ci-info: | Route | Destination | Gateway  |    Genmask    | Interface | Flags |
[   35.243091] cloud-init[943]: ci-info: +-------+-------------+----------+---------------+-----------+-------+
[   35.248769] cloud-init[943]: ci-info: |   0   |   0.0.0.0   | 10.0.2.2 |    0.0.0.0    |   enp0s3  |   UG  |
[   35.254673] cloud-init[943]: ci-info: |   1   |   10.0.2.0  | 0.0.0.0  | 255.255.255.0 |   enp0s3  |   U   |
[   35.260347] cloud-init[943]: ci-info: +-------+-------------+----------+---------------+-----------+-------+
[   35.265984] cloud-init[943]: ci-info: +++++++++++++++++++Route IPv6 info+++++++++++++++++++
[   35.270646] cloud-init[943]: ci-info: +-------+-------------+---------+-----------+-------+
[   35.281099] cloud-init[943]: ci-info: | Route | Destination | Gateway | Interface | Flags |
[   35.289457] cloud-init[943]: ci-info: +-------+-------------+---------+-----------+-------+
[   35.295928] cloud-init[943]: ci-info: |   0   |  fe80::/64  |    ::   |   enp0s3  |   U   |
[   35.301991] cloud-init[943]: ci-info: |   4   |   ff00::/8  |    ::   |   enp0s3  |   U   |
[   35.307327] cloud-init[943]: ci-info: +-------+-------------+---------+-----------+-------+
[   35.312756] cloud-init[943]: Generating public/private rsa key pair.
[   35.320368] cloud-init[943]: Your identification has been saved in /etc/ssh/ssh_host_rsa_key.
[   35.332987] cloud-init[943]: Your public key has been saved in /etc/ssh/ssh_host_rsa_key.pub.
[   35.340740] cloud-init[943]: The key fingerprint is:
[   35.346566] cloud-init[943]: SHA256:xgs7UUZw0dauykAejcDFjiXTuYdBVs57O2cpK00HEdw root@ubuntu-xenial
[   35.355814] cloud-init[943]: The key's randomart image is:
[   35.362927] cloud-init[943]: +---[RSA 2048]----+
[   35.369124] cloud-init[943]: |   . ==+=+.+     |
[   35.374181] cloud-init[943]: |    =.*=  = E    |
[   35.380631] cloud-init[943]: |     B *=. o     |
[   35.387591] cloud-init[943]: |    . B+o.. .    |
[   35.394557] cloud-init[943]: |     oooS .o     |
[   35.401258] cloud-init[943]: |      o= oo...   |
[   35.407439] cloud-init[943]: |      oo.++.+    |
[   35.413695] cloud-init[943]: |       .+ .*     |
[   35.424825] cloud-init[943]: |         ..      |
[   35.431090] cloud-init[943]: +----[SHA256]-----+
[   35.443407] cloud-init[943]: Generating public/private dsa key pair.
[   35.450182] cloud-init[943]: Your identification has been saved in /etc/ssh/ssh_host_dsa_key.
[   35.456796] cloud-init[943]: Your public key has been saved in /etc/ssh/ssh_host_dsa_key.pub.
[   35.464532] cloud-init[943]: The key fingerprint is:
[   35.471727] cloud-init[943]: SHA256:ZLsxA7aoCdyM0vcI8PDQ9X3i+YCbT1c0ll2Vtc5Gbf4 root@ubuntu-xenial
[   35.479696] cloud-init[943]: The key's randomart image is:
[   35.486251] cloud-init[943]: +---[DSA 1024]----+
[[0;32m  OK  [0m] Started Initial cloud-init job (metadata service crawler).
[[0;32m  OK  [0m] Reached target Network is Online.
[   35.496777] cloud-init[943]: |    .           B|
[   35.504924] cloud-init[943]: | . . . .     o oo|
[   35.508238] cloud-init[943]: |+ .   + = . = .oo|
[   35.511372] cloud-init[943]: |.B+  o B = o .+o |
         Starting iSCSI initiator daemon (iscsid)...
[[0;32m  OK  [0m] Reached target Cloud-config availability.
[[0;32m  OK  [0m] Reached target System Initialization.
[   35.515620] cloud-init[943]: |oo=oo o S   .  +.|
[[0;32m  OK  [0m] Started Daily Cleanup of Temporary Directories.
[[0;32m  OK  [0m] Started ACPI Events Check.
[[0;32m  OK  [0m] [   35.524859] cloud-init[943]: |.. = o o B .  . .|
Reached target Paths.
[   35.560434] cloud-init[943]: |  o . + o o     E|
[   35.564050] cloud-init[943]: |       o .       |
[   35.565011] cloud-init[943]: |        .        |
[[0;32m  OK  [0m] Listening on UUID daemon activation socket.
[[0;32m  OK  [0m] Started Ubuntu Advantage update messaging.[   35.566524] cloud-init[943]: +----[SHA256]-----+
[   35.577013] cloud-init[943]: Generating public/private ecdsa key pair.
[   35.579653] cloud-init[943]: Your identification has been saved in /etc/ssh/ssh_host_ecdsa_key.
[   35.581206] cloud-init[943]: Your public key has been saved in /etc/ssh/ssh_host_ecdsa_key.pub.
[   35.583240] cloud-init[943]: The key fingerprint is:
[   35.583294] 
         Starting Socket activation for snappy daemon.
cloud-init[943]: SHA256:4hEh7CuxwoVsKGCeLctzz8xNyIiUxiLZtKy2Hu2ztYA root@ubuntu-xenial
[   35.612165] cloud-init[943]: The key's randomart image is:
[   35.612870] cloud-init[943]: +---[ECDSA 256]---+
[   35.615086] cloud-init[943]: |   .. .          |
[   35.616009] cloud-init[943]: |... .. .         |
[   35.616077] cloud-init[943]: |B==o  .          |
[[0;32m  OK  [0m] Started Message of the Day.
[   35.617972] cloud-init[943]: |*%=o.  .         |
[   35.625207] cloud-init[943]: |X.=oo.+ S        |
[   35.630384] cloud-init[943]: |oB=o.+ +         |
[   35.640675] cloud-init[943]: |.E++=.+          |
[   35.644653] cloud-init[943]: | .o.o=..         |
[   35.660660]          Starting LXD - unix socket.
cloud-init[943]: |.. oo.           |
[   35.666273] [cloud-init[0;32m  OK  [0m[943]: ] +----[SHA256]-----+Listening on D-Bus System Message Bus Socket.

[   35.671558] [[0;32m  OK  [0m] Listening on ACPID Listen Socket.
cloud-init[943]: Generating public/private ed25519 key pair.
[   35.684997] [[0;32m  OK  [0m] Started Daily apt download activities.cloud-init
[943]: Your identification has been saved in /etc/ssh/ssh_host_ed25519_key.
[[0;32m  OK  [0m] Started Daily apt upgrade and clean activities.
[[0;32m  OK  [0m] Reached target Timers.
[   35.691585] cloud-init[943]: Your public key has been saved in /etc/ssh/ssh_host_ed25519_key.pub.
[[0;32m  OK  [0m] Listening on Socket activation for snappy daemon.
[   35.705451] cloud-init[943]: The key fingerprint is:
[[0;32m  OK  [0m] Listening on LXD - unix socket.
[   35.726836] cloud-init[943]: SHA256:KOMl7HMd2lyzOMVNHEr8IIjA+QEwgw1CxEQpjPfqfHs root@ubuntu-xenial
[[0;32m  OK  [0m] Reached target Sockets.
[[0;32m  OK  [0m] Reached target Basic System.
[   35.737914] cloud-init[943]: The key's randomart image is:
[   35.748769] cloud-init[943]: +--[ED25519 256]--+
[   35.753617] cloud-init[943]: |/X++ . . .. .    |
[   35.770165]          Starting /etc/rc.local Compatibility...
cloud-init[943]:          Starting LSB: MD monitoring daemon...
|=*= o . ..oo .   |
[   35.801798] cloud-init[943]: |.. o .   ..oo    |
         Starting Login Service...
[   35.860362] cloud-init[943]: |   .o  . . o.    |
[   35.870831] cloud-init[943]: |   .= o S = .    |
         Starting LSB: Record successful boot for GRUB...
[   35.923030] cloud-init[943]: |  .o = = = o     |
[   35.958410] cloud-init[943]: | o  + o * .      |
[   35.961495] cloud-init[943]: |  o .oE  .       |
[   35.964617] cloud-init[943]: |   ..o           |
[   35.968406] cloud-init[943]: +----[SHA256]-----+
[[0;32m  OK  [0m] Started Deferred execution scheduler.
[[0;32m  OK  [0m] Started Regular background program processing daemon.
         Starting LXD - container startup/shutdown...
         Starting System Logging Service...
         Starting Virtualbox guest utils...
[[0;32m  OK  [0m] Started ACPI event daemon.
         Starting Accounts Service...
[[0;32m  OK  [0m] Started D-Bus System Message Bus.
[[0;32m  OK  [0m] Started FUSE filesystem for LXC.
         Starting Pollinate to seed the pseudo random number generator...
         Starting Snap Daemon...
[[0;32m  OK  [0m] Started System Logging Service.
[[0;32m  OK  [0m] Started /etc/rc.local Compatibility.
[[0;32m  OK  [0m] Started Login Service.
[[0;32m  OK  [0m] Started Unattended Upgrades Shutdown.
         Starting Authenticate and Authorize Users to Run Privileged Tasks...
[[0;32m  OK  [0m] Started iSCSI initiator daemon (iscsid).
         Starting Login to default iSCSI targets...
[[0;32m  OK  [0m] Started LSB: Record successful boot for GRUB.
[[0;32m  OK  [0m] Started LSB: MD monitoring daemon.
[[0;32m  OK  [0m] Started Authenticate and Authorize Users to Run Privileged Tasks.
[[0;32m  OK  [0m] Started Accounts Service.
[[0;32m  OK  [0m] Started Login to default iSCSI targets.
[[0;32m  OK  [0m] Reached target Remote File Systems (Pre).
[[0;32m  OK  [0m] Reached target Remote File Systems.
         Starting LSB: automatic crash report generation...
         Starting LSB: daemon to balance interrupts for SMP systems...
         Starting LSB: Set the CPU Frequency Scaling governor to "ondemand"...
         Starting Permit User Sessions...
[[0;32m  OK  [0m] Started Permit User Sessions.
         Starting Terminate Plymouth Boot Screen...
         Starting Hold until boot process finishes up...
[[0;32m  OK  [0m] Started Terminate Plymouth Boot Screen.
[[0;32m  OK  [0m] Started Hold until boot process finishes up.
[[0;32m  OK  [0m] Started LXD - container startup/shutdown.
         Starting Set console scheme...
[[0;32m  OK  [0m] Started Serial Getty on ttyS0.
[[0;32m  OK  [0m] Started Getty on tty1.
[[0;32m  OK  [0m] Reached target Login Prompts.
[[0;32m  OK  [0m] Started Set console scheme.
[[0;32m  OK  [0m] Started LSB: Set the CPU Frequency Scaling governor to "ondemand".
[[0;32m  OK  [0m] Started Virtualbox guest utils.
[[0;32m  OK  [0m] Started LSB: daemon to balance interrupts for SMP systems.
[[0;32m  OK  [0m] Started LSB: automatic crash report generation.
[[0;32m  OK  [0m] Started Snap Daemon.
         Starting Wait until snapd is fully seeded...
[[0;32m  OK  [0m] Started Pollinate to seed the pseudo random number generator.
         Starting OpenBSD Secure Shell server...
[[0;32m  OK  [0m] Started OpenBSD Secure Shell server.
[[0;32m  OK  [0m] Created slice User Slice of vagrant.
         Starting User Manager for UID 1000...
[[0;32m  OK  [0m] Started Session 1 of user vagrant.
[[0;32m  OK  [0m] Started User Manager for UID 1000.
[[0;32m  OK  [0m] Started Wait until snapd is fully seeded.
[[0;32m  OK  [0m] Reached target Multi-User System.
[[0;32m  OK  [0m] Reached target Graphical Interface.
         Starting Update UTMP about System Runlevel Changes...
         Starting Apply the settings specified in cloud-config...
[[0;32m  OK  [0m] Started Update UTMP about System Runlevel Changes.

Ubuntu 16.04.7 LTS ubuntu-xenial ttyS0

ubuntu-xenial login: [   45.711615] cloud-init[1369]: Generating locales (this might take a while)...
[   49.472658] cloud-init[1369]:   en_US.UTF-8... done
[   49.484575] cloud-init[1369]: Generation complete.
[   52.754930] cloud-init[1369]: Cloud-init v. 21.1-19-gbad84ad4-0ubuntu1~16.04.2 running 'modules:config' at Sat, 08 Jan 2022 20:49:24 +0000. Up 44.85 seconds.
ci-info: no authorized SSH keys fingerprints found for user ubuntu.
<14>Jan  8 20:49:33 ec2: 
<14>Jan  8 20:49:33 ec2: #############################################################
<14>Jan  8 20:49:33 ec2: -----BEGIN SSH HOST KEY FINGERPRINTS-----
<14>Jan  8 20:49:33 ec2: 1024 SHA256:ZLsxA7aoCdyM0vcI8PDQ9X3i+YCbT1c0ll2Vtc5Gbf4 root@ubuntu-xenial (DSA)
<14>Jan  8 20:49:33 ec2: 256 SHA256:4hEh7CuxwoVsKGCeLctzz8xNyIiUxiLZtKy2Hu2ztYA root@ubuntu-xenial (ECDSA)
<14>Jan  8 20:49:33 ec2: 256 SHA256:KOMl7HMd2lyzOMVNHEr8IIjA+QEwgw1CxEQpjPfqfHs root@ubuntu-xenial (ED25519)
<14>Jan  8 20:49:33 ec2: 2048 SHA256:xgs7UUZw0dauykAejcDFjiXTuYdBVs57O2cpK00HEdw root@ubuntu-xenial (RSA)
<14>Jan  8 20:49:33 ec2: -----END SSH HOST KEY FINGERPRINTS-----
<14>Jan  8 20:49:33 ec2: #############################################################
-----BEGIN SSH HOST KEY KEYS-----
ecdsa-sha2-nistp256 AAAAE2VjZHNhLXNoYTItbmlzdHAyNTYAAAAIbmlzdHAyNTYAAABBBBoMGQfP6ITJ5F023pARYt6yZbxE4i4BOlXkKIM6Qvag49ikVY7XDyZ6DkgqinY7vEM9pnt28yceGOVkSJxLI9s= root@ubuntu-xenial
ssh-ed25519 AAAAC3NzaC1lZDI1NTE5AAAAIAlNUbVbSn9UeWC8mW/CdDCY/kqN6Z0H715G1bmgSgvm root@ubuntu-xenial
ssh-rsa AAAAB3NzaC1yc2EAAAADAQABAAABAQDJuTaY21vI5YVZLSTuQcN6gqpAn0RYbRo73JnwzzyQjx05TifdrUczUDeoWPtbA8+LTQl6C/UDJMihvnTPMAHrYxNZMBswyX4NzVB+KTLyJ0Rt7VqT5s/VNUg5fMI39cnvfv3z2wKWOuOijfv47h0ynhpK4cRoOL7PawCLg4TM1/LBmxWpc1AB7anQYGtmPlN12UU6kMYTwHeXLHV3dAYdMeAdNk4m39GQ/FnwW6FIBHjFJpqbL8To5Y7JqJwelYf/xkZ/FPxm2/XB8kYPuOeoUqjvfl+haG6HzSXO95KLYlFgrRGaXHodBpn7vQoMco8DHbo7HLo71cfyPrm48/zB root@ubuntu-xenial
-----END SSH HOST KEY KEYS-----
[   54.727867] cloud-init[1617]: Cloud-init v. 21.1-19-gbad84ad4-0ubuntu1~16.04.2 running 'modules:final' at Sat, 08 Jan 2022 20:49:33 +0000. Up 53.75 seconds.
[   54.735153] cloud-init[1617]: ci-info: no authorized SSH keys fingerprints found for user ubuntu.
[   54.748250] cloud-init[1617]: Cloud-init v. 21.1-19-gbad84ad4-0ubuntu1~16.04.2 finished at Sat, 08 Jan 2022 20:49:34 +0000. Datasource DataSourceNoCloud [seed=/dev/sdb][dsmode=net].  Up 54.67 seconds
